<?xml version="1.0" encoding="UTF-8"?>
<!-- Generated by org.testng.reporters.JUnitReportReporter -->
<testsuite hostname="CDC2-D-7FNFXH2" failures="0" tests="1" name="pro.pages.Login" time="58.983" errors="0" timestamp="2020-08-10T12:15:23 IST" skipped="0">
  <testcase classname="pro.pages.Login" name="loginApp" time="58.983"/>
</testsuite> <!-- pro.pages.Login -->
