<?xml version="1.0" encoding="UTF-8"?>
<!-- Generated by org.testng.reporters.JUnitReportReporter -->
<testsuite skipped="1" hostname="HOME-PC" name="launchbrowser.Login" tests="2" failures="0" timestamp="12 Aug 2021 17:41:05 GMT" time="5.735" errors="0">
  <testcase name="signin" time="5.735" classname="launchbrowser.Login"/>
  <testcase name="sort" classname="launchbrowser.Login">
    <skipped/>
  </testcase> <!-- sort -->
</testsuite> <!-- launchbrowser.Login -->
